2021-06-14 09:22:28,822:WARNING:discord.client: PyNaCl is not installed, voice will NOT be supported
2021-06-14 09:22:28,999:DEBUG:discord.client: on_ready has successfully been registered as an event
2021-06-14 09:22:28,999:DEBUG:discord.client: on_message has successfully been registered as an event
2021-06-14 09:22:29,012:INFO:discord.client: logging in using static token
2021-06-14 09:22:29,204:DEBUG:discord.http: GET https://discord.com/api/v7/users/@me with None has returned 200
2021-06-14 09:22:29,204:DEBUG:discord.http: GET https://discord.com/api/v7/users/@me has received {'id': '853684877711114240', 'username': 'Falkony', 'avatar': None, 'discriminator': '3135', 'public_flags': 0, 'flags': 0, 'bot': True, 'locale': 'en-US', 'mfa_enabled': False, 'email': None, 'verified': True}
2021-06-14 09:22:29,240:DEBUG:discord.http: GET https://discord.com/api/v7/gateway with None has returned 200
2021-06-14 09:22:29,242:DEBUG:discord.http: GET https://discord.com/api/v7/gateway has received {'url': 'wss://gateway.discord.gg'}
2021-06-14 09:22:29,365:DEBUG:discord.gateway: Created websocket connected to wss://gateway.discord.gg?encoding=json&v=6&compress=zlib-stream
2021-06-14 09:22:29,365:DEBUG:discord.client: Dispatching event socket_raw_receive
2021-06-14 09:22:29,366:DEBUG:discord.gateway: For Shard ID None: WebSocket Event: {'t': None, 's': None, 'op': 10, 'd': {'heartbeat_interval': 41250, '_trace': ['["gateway-prd-main-9z8b",{"micros":0.0}]']}}
2021-06-14 09:22:29,366:DEBUG:discord.client: Dispatching event socket_response
2021-06-14 09:22:29,366:DEBUG:discord.client: Dispatching event socket_raw_send
2021-06-14 09:22:29,368:DEBUG:discord.client: Dispatching event socket_raw_send
2021-06-14 09:22:29,402:INFO:discord.gateway: Shard ID None has sent the IDENTIFY payload.
2021-06-14 09:22:29,413:DEBUG:discord.client: Dispatching event socket_raw_receive
2021-06-14 09:22:29,419:DEBUG:discord.gateway: For Shard ID None: WebSocket Event: {'t': None, 's': None, 'op': 11, 'd': None}
2021-06-14 09:22:29,420:DEBUG:discord.client: Dispatching event socket_response
2021-06-14 09:22:29,510:DEBUG:discord.client: Dispatching event socket_raw_receive
2021-06-14 09:22:29,511:DEBUG:discord.gateway: For Shard ID None: WebSocket Event: {'t': 'READY', 's': 1, 'op': 0, 'd': {'v': 6, 'user_settings': {}, 'user': {'verified': True, 'username': 'Falkony', 'mfa_enabled': False, 'id': '853684877711114240', 'flags': 0, 'email': None, 'discriminator': '3135', 'bot': True, 'avatar': None}, 'session_id': '488f70493a75eecad1817162976d868c', 'relationships': [], 'private_channels': [], 'presences': [], 'guilds': [{'unavailable': True, 'id': '852473078986309633'}], 'guild_join_requests': [], 'geo_ordered_rtc_regions': ['us-central', 'us-south', 'us-east', 'us-west', 'europe'], 'application': {'id': '853684877711114240', 'flags': 262144}, '_trace': ['["gateway-prd-main-9z8b",{"micros":59436,"calls":["discord-sessions-blue-prd-2-146",{"micros":53448,"calls":["start_session",{"micros":39415,"calls":["api-prd-main-7cj4",{"micros":34675,"calls":["get_user",{"micros":3294},"add_authorized_ip",{"micros":1230},"get_guilds",{"micros":7120},"coros_wait",{"micros":1}]}]},"guilds_connect",{"micros":1,"calls":[]},"presence_connect",{"micros":1,"calls":[]}]}]}]']}}
2021-06-14 09:22:29,511:DEBUG:discord.client: Dispatching event socket_response
2021-06-14 09:22:29,511:INFO:discord.gateway: Shard ID None has connected to Gateway: ["gateway-prd-main-9z8b",{"micros":59436,"calls":["discord-sessions-blue-prd-2-146",{"micros":53448,"calls":["start_session",{"micros":39415,"calls":["api-prd-main-7cj4",{"micros":34675,"calls":["get_user",{"micros":3294},"add_authorized_ip",{"micros":1230},"get_guilds",{"micros":7120},"coros_wait",{"micros":1}]}]},"guilds_connect",{"micros":1,"calls":[]},"presence_connect",{"micros":1,"calls":[]}]}]}] (Session ID: 488f70493a75eecad1817162976d868c).
2021-06-14 09:22:29,624:DEBUG:discord.client: Dispatching event connect
2021-06-14 09:22:29,625:DEBUG:discord.client: Dispatching event socket_raw_receive
2021-06-14 09:22:29,627:DEBUG:discord.gateway: For Shard ID None: WebSocket Event: {'t': 'GUILD_CREATE', 's': 2, 'op': 0, 'd': {'nsfw_level': 0, 'system_channel_id': '852473079539171351', 'afk_channel_id': None, 'roles': [{'position': 0, 'permissions_new': '109625986625', 'permissions': 104320577, 'name': '@everyone', 'mentionable': False, 'managed': False, 'id': '852473078986309633', 'hoist': False, 'color': 0}, {'tags': {'bot_id': '547905866255433758'}, 'position': 1, 'permissions_new': '37088600', 'permissions': 37088600, 'name': 'Hydra', 'mentionable': False, 'managed': True, 'id': '852473582759575594', 'hoist': False, 'color': 0}, {'tags': {'bot_id': '716390085896962058'}, 'position': 1, 'permissions_new': '388168', 'permissions': 388168, 'name': 'Pokétwo', 'mentionable': False, 'managed': True, 'id': '852473966051721228', 'hoist': False, 'color': 0}, {'tags': {'bot_id': '853684877711114240'}, 'position': 1, 'permissions_new': '2148001856', 'permissions': 518208, 'name': 'Falkony', 'mentionable': False, 'managed': True, 'id': '853686163197657110', 'hoist': False, 'color': 0}], 'stage_instances': [], 'guild_hashes': {'version': 1, 'roles': {'omitted': False, 'hash': 'WdHizfuhR1E'}, 'metadata': {'omitted': False, 'hash': '/PP4w6rD1X8'}, 'channels': {'omitted': False, 'hash': 'b7FtVAJbBj8'}}, 'vanity_url_code': None, 'verification_level': 0, 'unavailable': False, 'nsfw': False, 'emojis': [], 'explicit_content_filter': 0, 'discovery_splash': None, 'icon': None, 'application_command_count': 0, 'name': 'My Vault', 'public_updates_channel_id': None, 'lazy': True, 'rules_channel_id': None, 'mfa_level': 0, 'presences': [], 'premium_subscription_count': 0, 'description': None, 'features': [], 'premium_tier': 0, 'banner': None, 'max_video_channel_users': 25, 'large': False, 'member_count': 5, 'channels': [{'type': 4, 'position': 0, 'permission_overwrites': [], 'name': 'Text Channels', 'id': '852473079539171349'}, {'type': 4, 'position': 0, 'permission_overwrites': [], 'name': 'Voice Channels', 'id': '852473079539171350'}, {'type': 0, 'topic': None, 'rate_limit_per_user': 0, 'position': 0, 'permission_overwrites': [], 'parent_id': '852473079539171349', 'name': 'general', 'last_message_id': '853922980669030451', 'id': '852473079539171351'}, {'user_limit': 0, 'type': 2, 'rtc_region': None, 'position': 0, 'permission_overwrites': [], 'parent_id': '852473079539171350', 'name': 'General', 'id': '852473079539171352', 'bitrate': 64000}, {'type': 0, 'topic': '⏯ Pause/Resume the song.\n⏹ Stop and empty the queue.\n⏭ Skip the song.\n🔄 Switch between the loop modes.\n🔀 Shuffle the queue.\n⭐ Add the current song to your private playlist.\n❌ Remove the current song from your private playlist.', 'rate_limit_per_user': 0, 'position': 1, 'permission_overwrites': [], 'parent_id': None, 'nsfw': False, 'name': 'hydra-song-requests', 'last_message_id': '853705156893212712', 'id': '852473645891715092'}, {'type': 0, 'topic': None, 'rate_limit_per_user': 0, 'position': 2, 'permission_overwrites': [], 'parent_id': '852473079539171349', 'nsfw': False, 'name': 'pokemon-only', 'last_message_id': '853858023952875541', 'id': '852474094900477952'}, {'type': 0, 'topic': None, 'rate_limit_per_user': 0, 'position': 3, 'permission_overwrites': [{'type': 'role', 'id': '852473078986309633', 'deny_new': '1024', 'deny': 1024, 'allow_new': '0', 'allow': 0}, {'type': 'member', 'id': '716390085896962058', 'deny_new': '0', 'deny': 0, 'allow_new': '1024', 'allow': 1024}], 'parent_id': '852473079539171349', 'nsfw': False, 'name': 'spammer', 'last_message_id': '852611816839315466', 'id': '852478052750721044'}], 'system_channel_flags': 0, 'region': 'singapore', 'application_id': None, 'voice_states': [], 'afk_timeout': 300, 'default_message_notifications': 0, 'owner_id': '689051839576145950', 'max_members': 100000, 'threads': [], 'members': [{'user': {'username': 'Falkony', 'id': '853684877711114240', 'discriminator': '3135', 'bot': True, 'avatar': None}, 'roles': ['853686163197657110'], 'premium_since': None, 'pending': False, 'nick': None, 'mute': False, 'joined_at': '2021-06-13T17:24:02.093346+00:00', 'is_pending': False, 'hoisted_role': None, 'deaf': False, 'avatar': None}], 'stickers': [], 'id': '852473078986309633', 'joined_at': '2021-06-13T17:24:02.093346+00:00', 'preferred_locale': 'en-US', 'splash': None}}
2021-06-14 09:22:29,628:DEBUG:discord.client: Dispatching event socket_response
2021-06-14 09:22:29,631:DEBUG:discord.client: Dispatching event guild_available
2021-06-14 09:22:31,636:DEBUG:discord.client: Dispatching event ready
2021-06-14 09:23:10,618:DEBUG:discord.gateway: Keeping shard ID None websocket alive with sequence 2.
2021-06-14 09:23:10,664:DEBUG:discord.client: Dispatching event socket_raw_receive
2021-06-14 09:23:10,664:DEBUG:discord.gateway: For Shard ID None: WebSocket Event: {'t': None, 's': None, 'op': 11, 'd': None}
2021-06-14 09:23:10,664:DEBUG:discord.client: Dispatching event socket_response
2021-06-14 09:23:34,219:DEBUG:discord.client: Dispatching event socket_raw_receive
2021-06-14 09:23:34,220:DEBUG:discord.gateway: For Shard ID None: WebSocket Event: {'t': 'MESSAGE_CREATE', 's': 3, 'op': 0, 'd': {'type': 0, 'tts': False, 'timestamp': '2021-06-14T09:23:34.178000+00:00', 'referenced_message': None, 'pinned': False, 'nonce': '853927633501552640', 'mentions': [], 'mention_roles': [], 'mention_everyone': False, 'member': {'roles': [], 'mute': False, 'joined_at': '2021-06-10T09:03:40.309000+00:00', 'hoisted_role': None, 'deaf': False}, 'id': '853927638296297502', 'flags': 0, 'embeds': [], 'edited_timestamp': None, 'content': 'test', 'components': [], 'channel_id': '852474094900477952', 'author': {'username': 'Toppiiz', 'public_flags': 0, 'id': '689051839576145950', 'discriminator': '9596', 'avatar': '0456ca2b4f18fff607eabf6e9eefb26c'}, 'attachments': [], 'guild_id': '852473078986309633'}}
2021-06-14 09:23:34,220:DEBUG:discord.client: Dispatching event socket_response
2021-06-14 09:23:34,220:DEBUG:discord.client: Dispatching event message
2021-06-14 09:23:51,869:DEBUG:discord.gateway: Keeping shard ID None websocket alive with sequence 3.
2021-06-14 09:23:51,917:DEBUG:discord.client: Dispatching event socket_raw_receive
2021-06-14 09:23:51,917:DEBUG:discord.gateway: For Shard ID None: WebSocket Event: {'t': None, 's': None, 'op': 11, 'd': None}
2021-06-14 09:23:51,917:DEBUG:discord.client: Dispatching event socket_response
2021-06-14 09:24:33,121:DEBUG:discord.gateway: Keeping shard ID None websocket alive with sequence 3.
2021-06-14 09:24:33,168:DEBUG:discord.client: Dispatching event socket_raw_receive
2021-06-14 09:24:33,168:DEBUG:discord.gateway: For Shard ID None: WebSocket Event: {'t': None, 's': None, 'op': 11, 'd': None}
2021-06-14 09:24:33,169:DEBUG:discord.client: Dispatching event socket_response
2021-06-14 09:25:14,373:DEBUG:discord.gateway: Keeping shard ID None websocket alive with sequence 3.
2021-06-14 09:25:14,419:DEBUG:discord.client: Dispatching event socket_raw_receive
2021-06-14 09:25:14,419:DEBUG:discord.gateway: For Shard ID None: WebSocket Event: {'t': None, 's': None, 'op': 11, 'd': None}
2021-06-14 09:25:14,419:DEBUG:discord.client: Dispatching event socket_response
2021-06-14 09:25:55,626:DEBUG:discord.gateway: Keeping shard ID None websocket alive with sequence 3.
2021-06-14 09:25:55,678:DEBUG:discord.client: Dispatching event socket_raw_receive
2021-06-14 09:25:55,678:DEBUG:discord.gateway: For Shard ID None: WebSocket Event: {'t': None, 's': None, 'op': 11, 'd': None}
2021-06-14 09:25:55,679:DEBUG:discord.client: Dispatching event socket_response
2021-06-14 09:26:36,877:DEBUG:discord.gateway: Keeping shard ID None websocket alive with sequence 3.
2021-06-14 09:26:36,926:DEBUG:discord.client: Dispatching event socket_raw_receive
2021-06-14 09:26:36,927:DEBUG:discord.gateway: For Shard ID None: WebSocket Event: {'t': None, 's': None, 'op': 11, 'd': None}
2021-06-14 09:26:36,927:DEBUG:discord.client: Dispatching event socket_response
2021-06-14 09:27:18,129:DEBUG:discord.gateway: Keeping shard ID None websocket alive with sequence 3.
2021-06-14 09:27:18,179:DEBUG:discord.client: Dispatching event socket_raw_receive
2021-06-14 09:27:18,179:DEBUG:discord.gateway: For Shard ID None: WebSocket Event: {'t': None, 's': None, 'op': 11, 'd': None}
2021-06-14 09:27:18,179:DEBUG:discord.client: Dispatching event socket_response
2021-06-14 09:27:59,380:DEBUG:discord.gateway: Keeping shard ID None websocket alive with sequence 3.
2021-06-14 09:27:59,425:DEBUG:discord.client: Dispatching event socket_raw_receive
2021-06-14 09:27:59,426:DEBUG:discord.gateway: For Shard ID None: WebSocket Event: {'t': None, 's': None, 'op': 11, 'd': None}
2021-06-14 09:27:59,426:DEBUG:discord.client: Dispatching event socket_response
2021-06-14 09:28:40,631:DEBUG:discord.gateway: Keeping shard ID None websocket alive with sequence 3.
2021-06-14 09:28:40,679:DEBUG:discord.client: Dispatching event socket_raw_receive
2021-06-14 09:28:40,679:DEBUG:discord.gateway: For Shard ID None: WebSocket Event: {'t': None, 's': None, 'op': 11, 'd': None}
2021-06-14 09:28:40,679:DEBUG:discord.client: Dispatching event socket_response
2021-06-14 09:29:21,882:DEBUG:discord.gateway: Keeping shard ID None websocket alive with sequence 3.
2021-06-14 09:29:21,929:DEBUG:discord.client: Dispatching event socket_raw_receive
2021-06-14 09:29:21,929:DEBUG:discord.gateway: For Shard ID None: WebSocket Event: {'t': None, 's': None, 'op': 11, 'd': None}
2021-06-14 09:29:21,929:DEBUG:discord.client: Dispatching event socket_response
2021-06-14 09:30:03,134:DEBUG:discord.gateway: Keeping shard ID None websocket alive with sequence 3.
2021-06-14 09:30:03,181:DEBUG:discord.client: Dispatching event socket_raw_receive
2021-06-14 09:30:03,182:DEBUG:discord.gateway: For Shard ID None: WebSocket Event: {'t': None, 's': None, 'op': 11, 'd': None}
2021-06-14 09:30:03,182:DEBUG:discord.client: Dispatching event socket_response
2021-06-14 09:30:44,397:DEBUG:discord.gateway: Keeping shard ID None websocket alive with sequence 3.
2021-06-14 09:30:44,448:DEBUG:discord.client: Dispatching event socket_raw_receive
2021-06-14 09:30:44,448:DEBUG:discord.gateway: For Shard ID None: WebSocket Event: {'t': None, 's': None, 'op': 11, 'd': None}
2021-06-14 09:30:44,448:DEBUG:discord.client: Dispatching event socket_response
2021-06-14 09:31:25,649:DEBUG:discord.gateway: Keeping shard ID None websocket alive with sequence 3.
2021-06-14 09:31:25,703:DEBUG:discord.client: Dispatching event socket_raw_receive
2021-06-14 09:31:25,703:DEBUG:discord.gateway: For Shard ID None: WebSocket Event: {'t': None, 's': None, 'op': 11, 'd': None}
2021-06-14 09:31:25,703:DEBUG:discord.client: Dispatching event socket_response
2021-06-14 09:32:06,903:DEBUG:discord.gateway: Keeping shard ID None websocket alive with sequence 3.
2021-06-14 09:32:06,950:DEBUG:discord.client: Dispatching event socket_raw_receive
2021-06-14 09:32:06,951:DEBUG:discord.gateway: For Shard ID None: WebSocket Event: {'t': None, 's': None, 'op': 11, 'd': None}
2021-06-14 09:32:06,951:DEBUG:discord.client: Dispatching event socket_response
2021-06-14 09:32:48,155:DEBUG:discord.gateway: Keeping shard ID None websocket alive with sequence 3.
2021-06-14 09:32:48,202:DEBUG:discord.client: Dispatching event socket_raw_receive
2021-06-14 09:32:48,202:DEBUG:discord.gateway: For Shard ID None: WebSocket Event: {'t': None, 's': None, 'op': 11, 'd': None}
2021-06-14 09:32:48,202:DEBUG:discord.client: Dispatching event socket_response
2021-06-14 09:33:29,407:DEBUG:discord.gateway: Keeping shard ID None websocket alive with sequence 3.
2021-06-14 09:33:29,481:DEBUG:discord.client: Dispatching event socket_raw_receive
2021-06-14 09:33:29,482:DEBUG:discord.gateway: For Shard ID None: WebSocket Event: {'t': None, 's': None, 'op': 11, 'd': None}
2021-06-14 09:33:29,482:DEBUG:discord.client: Dispatching event socket_response
2021-06-14 09:34:10,661:DEBUG:discord.gateway: Keeping shard ID None websocket alive with sequence 3.
2021-06-14 09:34:10,709:DEBUG:discord.client: Dispatching event socket_raw_receive
2021-06-14 09:34:10,710:DEBUG:discord.gateway: For Shard ID None: WebSocket Event: {'t': None, 's': None, 'op': 11, 'd': None}
2021-06-14 09:34:10,710:DEBUG:discord.client: Dispatching event socket_response
2021-06-14 09:34:51,915:DEBUG:discord.gateway: Keeping shard ID None websocket alive with sequence 3.
2021-06-14 09:34:51,964:DEBUG:discord.client: Dispatching event socket_raw_receive
2021-06-14 09:34:51,964:DEBUG:discord.gateway: For Shard ID None: WebSocket Event: {'t': None, 's': None, 'op': 11, 'd': None}
2021-06-14 09:34:51,964:DEBUG:discord.client: Dispatching event socket_response
2021-06-14 09:35:33,170:DEBUG:discord.gateway: Keeping shard ID None websocket alive with sequence 3.
2021-06-14 09:35:33,217:DEBUG:discord.client: Dispatching event socket_raw_receive
2021-06-14 09:35:33,218:DEBUG:discord.gateway: For Shard ID None: WebSocket Event: {'t': None, 's': None, 'op': 11, 'd': None}
2021-06-14 09:35:33,221:DEBUG:discord.client: Dispatching event socket_response
2021-06-14 09:36:14,424:DEBUG:discord.gateway: Keeping shard ID None websocket alive with sequence 3.
2021-06-14 09:36:14,471:DEBUG:discord.client: Dispatching event socket_raw_receive
2021-06-14 09:36:14,471:DEBUG:discord.gateway: For Shard ID None: WebSocket Event: {'t': None, 's': None, 'op': 11, 'd': None}
2021-06-14 09:36:14,471:DEBUG:discord.client: Dispatching event socket_response
2021-06-14 09:36:55,675:DEBUG:discord.gateway: Keeping shard ID None websocket alive with sequence 3.
2021-06-14 09:36:55,722:DEBUG:discord.client: Dispatching event socket_raw_receive
2021-06-14 09:36:55,722:DEBUG:discord.gateway: For Shard ID None: WebSocket Event: {'t': None, 's': None, 'op': 11, 'd': None}
2021-06-14 09:36:55,723:DEBUG:discord.client: Dispatching event socket_response
2021-06-14 09:37:36,927:DEBUG:discord.gateway: Keeping shard ID None websocket alive with sequence 3.
2021-06-14 09:37:36,973:DEBUG:discord.client: Dispatching event socket_raw_receive
2021-06-14 09:37:36,973:DEBUG:discord.gateway: For Shard ID None: WebSocket Event: {'t': None, 's': None, 'op': 11, 'd': None}
2021-06-14 09:37:36,973:DEBUG:discord.client: Dispatching event socket_response
2021-06-14 09:38:18,178:DEBUG:discord.gateway: Keeping shard ID None websocket alive with sequence 3.
2021-06-14 09:38:18,225:DEBUG:discord.client: Dispatching event socket_raw_receive
2021-06-14 09:38:18,225:DEBUG:discord.gateway: For Shard ID None: WebSocket Event: {'t': None, 's': None, 'op': 11, 'd': None}
2021-06-14 09:38:18,225:DEBUG:discord.client: Dispatching event socket_response
2021-06-14 09:38:59,430:DEBUG:discord.gateway: Keeping shard ID None websocket alive with sequence 3.
2021-06-14 09:38:59,476:DEBUG:discord.client: Dispatching event socket_raw_receive
2021-06-14 09:38:59,477:DEBUG:discord.gateway: For Shard ID None: WebSocket Event: {'t': None, 's': None, 'op': 11, 'd': None}
2021-06-14 09:38:59,477:DEBUG:discord.client: Dispatching event socket_response
2021-06-14 09:39:40,682:DEBUG:discord.gateway: Keeping shard ID None websocket alive with sequence 3.
2021-06-14 09:39:40,737:DEBUG:discord.client: Dispatching event socket_raw_receive
2021-06-14 09:39:40,738:DEBUG:discord.gateway: For Shard ID None: WebSocket Event: {'t': None, 's': None, 'op': 11, 'd': None}
2021-06-14 09:39:40,738:DEBUG:discord.client: Dispatching event socket_response
2021-06-14 09:40:21,936:DEBUG:discord.gateway: Keeping shard ID None websocket alive with sequence 3.
2021-06-14 09:40:21,983:DEBUG:discord.client: Dispatching event socket_raw_receive
2021-06-14 09:40:21,983:DEBUG:discord.gateway: For Shard ID None: WebSocket Event: {'t': None, 's': None, 'op': 11, 'd': None}
2021-06-14 09:40:21,983:DEBUG:discord.client: Dispatching event socket_response
2021-06-14 09:41:03,188:DEBUG:discord.gateway: Keeping shard ID None websocket alive with sequence 3.
2021-06-14 09:41:03,243:DEBUG:discord.client: Dispatching event socket_raw_receive
2021-06-14 09:41:03,243:DEBUG:discord.gateway: For Shard ID None: WebSocket Event: {'t': None, 's': None, 'op': 11, 'd': None}
2021-06-14 09:41:03,243:DEBUG:discord.client: Dispatching event socket_response
2021-06-14 09:41:44,439:DEBUG:discord.gateway: Keeping shard ID None websocket alive with sequence 3.
2021-06-14 09:41:44,487:DEBUG:discord.client: Dispatching event socket_raw_receive
2021-06-14 09:41:44,487:DEBUG:discord.gateway: For Shard ID None: WebSocket Event: {'t': None, 's': None, 'op': 11, 'd': None}
2021-06-14 09:41:44,487:DEBUG:discord.client: Dispatching event socket_response
2021-06-14 09:42:25,692:DEBUG:discord.gateway: Keeping shard ID None websocket alive with sequence 3.
2021-06-14 09:42:25,741:DEBUG:discord.client: Dispatching event socket_raw_receive
2021-06-14 09:42:25,741:DEBUG:discord.gateway: For Shard ID None: WebSocket Event: {'t': None, 's': None, 'op': 11, 'd': None}
2021-06-14 09:42:25,741:DEBUG:discord.client: Dispatching event socket_response
2021-06-14 09:43:06,943:DEBUG:discord.gateway: Keeping shard ID None websocket alive with sequence 3.
2021-06-14 09:43:06,990:DEBUG:discord.client: Dispatching event socket_raw_receive
2021-06-14 09:43:06,991:DEBUG:discord.gateway: For Shard ID None: WebSocket Event: {'t': None, 's': None, 'op': 11, 'd': None}
2021-06-14 09:43:06,991:DEBUG:discord.client: Dispatching event socket_response
2021-06-14 09:43:48,195:DEBUG:discord.gateway: Keeping shard ID None websocket alive with sequence 3.
2021-06-14 09:43:48,243:DEBUG:discord.client: Dispatching event socket_raw_receive
2021-06-14 09:43:48,243:DEBUG:discord.gateway: For Shard ID None: WebSocket Event: {'t': None, 's': None, 'op': 11, 'd': None}
2021-06-14 09:43:48,243:DEBUG:discord.client: Dispatching event socket_response
2021-06-14 09:44:29,447:DEBUG:discord.gateway: Keeping shard ID None websocket alive with sequence 3.
2021-06-14 09:44:38,598:DEBUG:discord.gateway: Received WSMessage(type=<WSMsgType.CLOSED: 257>, data=None, extra=None)
2021-06-14 09:44:38,598:INFO:discord.gateway: Websocket closed with 1006, attempting a reconnect.
2021-06-14 09:44:38,600:INFO:discord.client: Got a request to RESUME the websocket.
2021-06-14 09:44:38,600:DEBUG:discord.client: Dispatching event disconnect
2021-06-14 09:44:38,679:DEBUG:discord.http: GET https://discord.com/api/v7/gateway with None has returned 200
2021-06-14 09:44:38,680:DEBUG:discord.http: GET https://discord.com/api/v7/gateway has received {'url': 'wss://gateway.discord.gg'}
2021-06-14 09:44:38,792:DEBUG:discord.gateway: Created websocket connected to wss://gateway.discord.gg?encoding=json&v=6&compress=zlib-stream
2021-06-14 09:44:38,792:DEBUG:discord.client: Dispatching event socket_raw_receive
2021-06-14 09:44:38,792:DEBUG:discord.gateway: For Shard ID None: WebSocket Event: {'t': None, 's': None, 'op': 10, 'd': {'heartbeat_interval': 41250, '_trace': ['["gateway-prd-main-gwrb",{"micros":0.0}]']}}
2021-06-14 09:44:38,792:DEBUG:discord.client: Dispatching event socket_response
2021-06-14 09:44:38,793:DEBUG:discord.client: Dispatching event socket_raw_send
2021-06-14 09:44:38,793:DEBUG:discord.client: Dispatching event socket_raw_send
2021-06-14 09:44:38,794:INFO:discord.gateway: Shard ID None has sent the RESUME payload.
2021-06-14 09:44:38,839:DEBUG:discord.client: Dispatching event socket_raw_receive
2021-06-14 09:44:38,839:DEBUG:discord.gateway: For Shard ID None: WebSocket Event: {'t': None, 's': None, 'op': 11, 'd': None}
2021-06-14 09:44:38,840:DEBUG:discord.client: Dispatching event socket_response
2021-06-14 09:44:38,845:DEBUG:discord.client: Dispatching event socket_raw_receive
2021-06-14 09:44:38,845:DEBUG:discord.gateway: For Shard ID None: WebSocket Event: {'t': 'RESUMED', 's': 4, 'op': 0, 'd': {'_trace': ['["gateway-prd-main-gwrb",{"micros":2271,"calls":["discord-sessions-blue-prd-2-146",{"micros":12}]}]']}}
2021-06-14 09:44:38,845:DEBUG:discord.client: Dispatching event socket_response
2021-06-14 09:44:38,846:INFO:discord.gateway: Shard ID None has successfully RESUMED session 488f70493a75eecad1817162976d868c under trace ["gateway-prd-main-gwrb",{"micros":2271,"calls":["discord-sessions-blue-prd-2-146",{"micros":12}]}].
2021-06-14 09:44:38,846:DEBUG:discord.client: Dispatching event resumed
2021-06-14 09:45:20,043:DEBUG:discord.gateway: Keeping shard ID None websocket alive with sequence 4.
2021-06-14 09:45:20,092:DEBUG:discord.client: Dispatching event socket_raw_receive
2021-06-14 09:45:20,092:DEBUG:discord.gateway: For Shard ID None: WebSocket Event: {'t': None, 's': None, 'op': 11, 'd': None}
2021-06-14 09:45:20,092:DEBUG:discord.client: Dispatching event socket_response
2021-06-14 09:46:01,297:DEBUG:discord.gateway: Keeping shard ID None websocket alive with sequence 4.
2021-06-14 09:46:01,345:DEBUG:discord.client: Dispatching event socket_raw_receive
2021-06-14 09:46:01,345:DEBUG:discord.gateway: For Shard ID None: WebSocket Event: {'t': None, 's': None, 'op': 11, 'd': None}
2021-06-14 09:46:01,345:DEBUG:discord.client: Dispatching event socket_response
2021-06-14 09:46:42,548:DEBUG:discord.gateway: Keeping shard ID None websocket alive with sequence 4.
2021-06-14 09:46:42,598:DEBUG:discord.client: Dispatching event socket_raw_receive
2021-06-14 09:46:42,599:DEBUG:discord.gateway: For Shard ID None: WebSocket Event: {'t': None, 's': None, 'op': 11, 'd': None}
2021-06-14 09:46:42,600:DEBUG:discord.client: Dispatching event socket_response
2021-06-14 09:47:23,800:DEBUG:discord.gateway: Keeping shard ID None websocket alive with sequence 4.
2021-06-14 09:47:23,848:DEBUG:discord.client: Dispatching event socket_raw_receive
2021-06-14 09:47:23,848:DEBUG:discord.gateway: For Shard ID None: WebSocket Event: {'t': None, 's': None, 'op': 11, 'd': None}
2021-06-14 09:47:23,848:DEBUG:discord.client: Dispatching event socket_response
2021-06-14 09:48:05,051:DEBUG:discord.gateway: Keeping shard ID None websocket alive with sequence 4.
2021-06-14 09:48:05,099:DEBUG:discord.client: Dispatching event socket_raw_receive
2021-06-14 09:48:05,099:DEBUG:discord.gateway: For Shard ID None: WebSocket Event: {'t': None, 's': None, 'op': 11, 'd': None}
2021-06-14 09:48:05,099:DEBUG:discord.client: Dispatching event socket_response
2021-06-14 09:48:46,302:DEBUG:discord.gateway: Keeping shard ID None websocket alive with sequence 4.
2021-06-14 09:48:46,351:DEBUG:discord.client: Dispatching event socket_raw_receive
2021-06-14 09:48:46,352:DEBUG:discord.gateway: For Shard ID None: WebSocket Event: {'t': None, 's': None, 'op': 11, 'd': None}
2021-06-14 09:48:46,352:DEBUG:discord.client: Dispatching event socket_response
2021-06-14 09:49:27,553:DEBUG:discord.gateway: Keeping shard ID None websocket alive with sequence 4.
2021-06-14 09:49:27,602:DEBUG:discord.client: Dispatching event socket_raw_receive
2021-06-14 09:49:27,606:DEBUG:discord.gateway: For Shard ID None: WebSocket Event: {'t': None, 's': None, 'op': 11, 'd': None}
2021-06-14 09:49:27,606:DEBUG:discord.client: Dispatching event socket_response
2021-06-14 09:50:08,816:DEBUG:discord.gateway: Keeping shard ID None websocket alive with sequence 4.
2021-06-14 09:50:08,876:DEBUG:discord.client: Dispatching event socket_raw_receive
2021-06-14 09:50:08,877:DEBUG:discord.gateway: For Shard ID None: WebSocket Event: {'t': None, 's': None, 'op': 11, 'd': None}
2021-06-14 09:50:08,877:DEBUG:discord.client: Dispatching event socket_response
2021-06-14 09:50:50,071:DEBUG:discord.gateway: Keeping shard ID None websocket alive with sequence 4.
2021-06-14 09:50:50,121:DEBUG:discord.client: Dispatching event socket_raw_receive
2021-06-14 09:50:50,121:DEBUG:discord.gateway: For Shard ID None: WebSocket Event: {'t': None, 's': None, 'op': 11, 'd': None}
2021-06-14 09:50:50,121:DEBUG:discord.client: Dispatching event socket_response
2021-06-14 09:51:31,322:DEBUG:discord.gateway: Keeping shard ID None websocket alive with sequence 4.
2021-06-14 09:51:31,372:DEBUG:discord.client: Dispatching event socket_raw_receive
2021-06-14 09:51:31,372:DEBUG:discord.gateway: For Shard ID None: WebSocket Event: {'t': None, 's': None, 'op': 11, 'd': None}
2021-06-14 09:51:31,372:DEBUG:discord.client: Dispatching event socket_response
2021-06-14 09:52:12,576:DEBUG:discord.gateway: Keeping shard ID None websocket alive with sequence 4.
2021-06-14 09:52:12,624:DEBUG:discord.client: Dispatching event socket_raw_receive
2021-06-14 09:52:12,625:DEBUG:discord.gateway: For Shard ID None: WebSocket Event: {'t': None, 's': None, 'op': 11, 'd': None}
2021-06-14 09:52:12,625:DEBUG:discord.client: Dispatching event socket_response
2021-06-14 09:52:53,827:DEBUG:discord.gateway: Keeping shard ID None websocket alive with sequence 4.
2021-06-14 09:52:53,875:DEBUG:discord.client: Dispatching event socket_raw_receive
2021-06-14 09:52:53,875:DEBUG:discord.gateway: For Shard ID None: WebSocket Event: {'t': None, 's': None, 'op': 11, 'd': None}
2021-06-14 09:52:53,875:DEBUG:discord.client: Dispatching event socket_response
2021-06-14 09:53:35,079:DEBUG:discord.gateway: Keeping shard ID None websocket alive with sequence 4.
2021-06-14 09:53:35,127:DEBUG:discord.client: Dispatching event socket_raw_receive
2021-06-14 09:53:35,127:DEBUG:discord.gateway: For Shard ID None: WebSocket Event: {'t': None, 's': None, 'op': 11, 'd': None}
2021-06-14 09:53:35,128:DEBUG:discord.client: Dispatching event socket_response
2021-06-14 09:54:16,331:DEBUG:discord.gateway: Keeping shard ID None websocket alive with sequence 4.
2021-06-14 09:54:16,383:DEBUG:discord.client: Dispatching event socket_raw_receive
2021-06-14 09:54:16,384:DEBUG:discord.gateway: For Shard ID None: WebSocket Event: {'t': None, 's': None, 'op': 11, 'd': None}
2021-06-14 09:54:16,384:DEBUG:discord.client: Dispatching event socket_response
2021-06-14 09:54:57,585:DEBUG:discord.gateway: Keeping shard ID None websocket alive with sequence 4.
2021-06-14 09:54:57,640:DEBUG:discord.client: Dispatching event socket_raw_receive
2021-06-14 09:54:57,640:DEBUG:discord.gateway: For Shard ID None: WebSocket Event: {'t': None, 's': None, 'op': 11, 'd': None}
2021-06-14 09:54:57,640:DEBUG:discord.client: Dispatching event socket_response
2021-06-14 09:55:38,836:DEBUG:discord.gateway: Keeping shard ID None websocket alive with sequence 4.
2021-06-14 09:55:38,885:DEBUG:discord.client: Dispatching event socket_raw_receive
2021-06-14 09:55:38,885:DEBUG:discord.gateway: For Shard ID None: WebSocket Event: {'t': None, 's': None, 'op': 11, 'd': None}
2021-06-14 09:55:38,885:DEBUG:discord.client: Dispatching event socket_response
2021-06-14 09:56:20,088:DEBUG:discord.gateway: Keeping shard ID None websocket alive with sequence 4.
2021-06-14 09:56:20,139:DEBUG:discord.client: Dispatching event socket_raw_receive
2021-06-14 09:56:20,139:DEBUG:discord.gateway: For Shard ID None: WebSocket Event: {'t': None, 's': None, 'op': 11, 'd': None}
2021-06-14 09:56:20,140:DEBUG:discord.client: Dispatching event socket_response
2021-06-14 09:57:01,344:DEBUG:discord.gateway: Keeping shard ID None websocket alive with sequence 4.
2021-06-14 09:57:01,405:DEBUG:discord.client: Dispatching event socket_raw_receive
2021-06-14 09:57:01,406:DEBUG:discord.gateway: For Shard ID None: WebSocket Event: {'t': None, 's': None, 'op': 11, 'd': None}
2021-06-14 09:57:01,406:DEBUG:discord.client: Dispatching event socket_response
2021-06-14 09:57:42,609:DEBUG:discord.gateway: Keeping shard ID None websocket alive with sequence 4.
2021-06-14 09:57:42,671:DEBUG:discord.client: Dispatching event socket_raw_receive
2021-06-14 09:57:42,671:DEBUG:discord.gateway: For Shard ID None: WebSocket Event: {'t': None, 's': None, 'op': 11, 'd': None}
2021-06-14 09:57:42,672:DEBUG:discord.client: Dispatching event socket_response
2021-06-14 09:58:23,862:DEBUG:discord.gateway: Keeping shard ID None websocket alive with sequence 4.
2021-06-14 09:58:23,910:DEBUG:discord.client: Dispatching event socket_raw_receive
2021-06-14 09:58:23,911:DEBUG:discord.gateway: For Shard ID None: WebSocket Event: {'t': None, 's': None, 'op': 11, 'd': None}
2021-06-14 09:58:23,911:DEBUG:discord.client: Dispatching event socket_response
2021-06-14 09:59:05,114:DEBUG:discord.gateway: Keeping shard ID None websocket alive with sequence 4.
2021-06-14 09:59:05,168:DEBUG:discord.client: Dispatching event socket_raw_receive
2021-06-14 09:59:05,169:DEBUG:discord.gateway: For Shard ID None: WebSocket Event: {'t': None, 's': None, 'op': 11, 'd': None}
2021-06-14 09:59:05,169:DEBUG:discord.client: Dispatching event socket_response
2021-06-14 09:59:46,365:DEBUG:discord.gateway: Keeping shard ID None websocket alive with sequence 4.
2021-06-14 09:59:46,414:DEBUG:discord.client: Dispatching event socket_raw_receive
2021-06-14 09:59:46,414:DEBUG:discord.gateway: For Shard ID None: WebSocket Event: {'t': None, 's': None, 'op': 11, 'd': None}
2021-06-14 09:59:46,414:DEBUG:discord.client: Dispatching event socket_response
2021-06-14 10:00:12,730:DEBUG:discord.gateway: Received WSMessage(type=<WSMsgType.CLOSED: 257>, data=None, extra=None)
2021-06-14 10:00:12,731:INFO:discord.gateway: Websocket closed with 1006, attempting a reconnect.
2021-06-14 10:00:12,731:INFO:discord.client: Got a request to RESUME the websocket.
2021-06-14 10:00:12,731:DEBUG:discord.client: Dispatching event disconnect
2021-06-14 10:00:12,827:DEBUG:discord.http: GET https://discord.com/api/v7/gateway with None has returned 200
2021-06-14 10:00:12,828:DEBUG:discord.http: GET https://discord.com/api/v7/gateway has received {'url': 'wss://gateway.discord.gg'}
2021-06-14 10:00:12,931:DEBUG:discord.gateway: Created websocket connected to wss://gateway.discord.gg?encoding=json&v=6&compress=zlib-stream
2021-06-14 10:00:12,932:DEBUG:discord.client: Dispatching event socket_raw_receive
2021-06-14 10:00:12,936:DEBUG:discord.gateway: For Shard ID None: WebSocket Event: {'t': None, 's': None, 'op': 10, 'd': {'heartbeat_interval': 41250, '_trace': ['["gateway-prd-main-lz1z",{"micros":0.0}]']}}
2021-06-14 10:00:12,936:DEBUG:discord.client: Dispatching event socket_response
2021-06-14 10:00:12,938:DEBUG:discord.client: Dispatching event socket_raw_send
2021-06-14 10:00:12,940:DEBUG:discord.client: Dispatching event socket_raw_send
2021-06-14 10:00:12,943:INFO:discord.gateway: Shard ID None has sent the RESUME payload.
2021-06-14 10:00:12,987:DEBUG:discord.client: Dispatching event socket_raw_receive
2021-06-14 10:00:12,988:DEBUG:discord.gateway: For Shard ID None: WebSocket Event: {'t': None, 's': None, 'op': 11, 'd': None}
2021-06-14 10:00:12,988:DEBUG:discord.client: Dispatching event socket_response
2021-06-14 10:00:12,995:DEBUG:discord.client: Dispatching event socket_raw_receive
2021-06-14 10:00:12,996:DEBUG:discord.gateway: For Shard ID None: WebSocket Event: {'t': 'RESUMED', 's': 5, 'op': 0, 'd': {'_trace': ['["gateway-prd-main-lz1z",{"micros":3879,"calls":["discord-sessions-blue-prd-2-146",{"micros":12}]}]']}}
2021-06-14 10:00:12,996:DEBUG:discord.client: Dispatching event socket_response
2021-06-14 10:00:12,996:INFO:discord.gateway: Shard ID None has successfully RESUMED session 488f70493a75eecad1817162976d868c under trace ["gateway-prd-main-lz1z",{"micros":3879,"calls":["discord-sessions-blue-prd-2-146",{"micros":12}]}].
2021-06-14 10:00:12,996:DEBUG:discord.client: Dispatching event resumed
2021-06-14 10:00:54,191:DEBUG:discord.gateway: Keeping shard ID None websocket alive with sequence 5.
2021-06-14 10:00:54,242:DEBUG:discord.client: Dispatching event socket_raw_receive
2021-06-14 10:00:54,243:DEBUG:discord.gateway: For Shard ID None: WebSocket Event: {'t': None, 's': None, 'op': 11, 'd': None}
2021-06-14 10:00:54,243:DEBUG:discord.client: Dispatching event socket_response
2021-06-14 10:01:35,445:DEBUG:discord.gateway: Keeping shard ID None websocket alive with sequence 5.
2021-06-14 10:01:35,494:DEBUG:discord.client: Dispatching event socket_raw_receive
2021-06-14 10:01:35,494:DEBUG:discord.gateway: For Shard ID None: WebSocket Event: {'t': None, 's': None, 'op': 11, 'd': None}
2021-06-14 10:01:35,494:DEBUG:discord.client: Dispatching event socket_response
2021-06-14 10:02:16,696:DEBUG:discord.gateway: Keeping shard ID None websocket alive with sequence 5.
2021-06-14 10:02:16,744:DEBUG:discord.client: Dispatching event socket_raw_receive
2021-06-14 10:02:16,745:DEBUG:discord.gateway: For Shard ID None: WebSocket Event: {'t': None, 's': None, 'op': 11, 'd': None}
2021-06-14 10:02:16,745:DEBUG:discord.client: Dispatching event socket_response
2021-06-14 10:02:57,949:DEBUG:discord.gateway: Keeping shard ID None websocket alive with sequence 5.
2021-06-14 10:02:57,999:DEBUG:discord.client: Dispatching event socket_raw_receive
2021-06-14 10:02:57,999:DEBUG:discord.gateway: For Shard ID None: WebSocket Event: {'t': None, 's': None, 'op': 11, 'd': None}
2021-06-14 10:02:57,999:DEBUG:discord.client: Dispatching event socket_response
2021-06-14 10:03:39,200:DEBUG:discord.gateway: Keeping shard ID None websocket alive with sequence 5.
2021-06-14 10:03:39,248:DEBUG:discord.client: Dispatching event socket_raw_receive
2021-06-14 10:03:39,249:DEBUG:discord.gateway: For Shard ID None: WebSocket Event: {'t': None, 's': None, 'op': 11, 'd': None}
2021-06-14 10:03:39,249:DEBUG:discord.client: Dispatching event socket_response
2021-06-14 10:04:20,452:DEBUG:discord.gateway: Keeping shard ID None websocket alive with sequence 5.
2021-06-14 10:04:20,501:DEBUG:discord.client: Dispatching event socket_raw_receive
2021-06-14 10:04:20,501:DEBUG:discord.gateway: For Shard ID None: WebSocket Event: {'t': None, 's': None, 'op': 11, 'd': None}
2021-06-14 10:04:20,501:DEBUG:discord.client: Dispatching event socket_response
2021-06-14 10:05:01,706:DEBUG:discord.gateway: Keeping shard ID None websocket alive with sequence 5.
2021-06-14 10:05:01,757:DEBUG:discord.client: Dispatching event socket_raw_receive
2021-06-14 10:05:01,757:DEBUG:discord.gateway: For Shard ID None: WebSocket Event: {'t': None, 's': None, 'op': 11, 'd': None}
2021-06-14 10:05:01,757:DEBUG:discord.client: Dispatching event socket_response
2021-06-14 10:05:42,958:DEBUG:discord.gateway: Keeping shard ID None websocket alive with sequence 5.
2021-06-14 10:05:43,019:DEBUG:discord.client: Dispatching event socket_raw_receive
2021-06-14 10:05:43,019:DEBUG:discord.gateway: For Shard ID None: WebSocket Event: {'t': None, 's': None, 'op': 11, 'd': None}
2021-06-14 10:05:43,019:DEBUG:discord.client: Dispatching event socket_response
2021-06-14 10:06:24,215:DEBUG:discord.gateway: Keeping shard ID None websocket alive with sequence 5.
2021-06-14 10:06:24,275:DEBUG:discord.client: Dispatching event socket_raw_receive
2021-06-14 10:06:24,276:DEBUG:discord.gateway: For Shard ID None: WebSocket Event: {'t': None, 's': None, 'op': 11, 'd': None}
2021-06-14 10:06:24,276:DEBUG:discord.client: Dispatching event socket_response
2021-06-14 10:07:05,468:DEBUG:discord.gateway: Keeping shard ID None websocket alive with sequence 5.
2021-06-14 10:07:05,520:DEBUG:discord.client: Dispatching event socket_raw_receive
2021-06-14 10:07:05,520:DEBUG:discord.gateway: For Shard ID None: WebSocket Event: {'t': None, 's': None, 'op': 11, 'd': None}
2021-06-14 10:07:05,520:DEBUG:discord.client: Dispatching event socket_response
2021-06-14 10:07:46,722:DEBUG:discord.gateway: Keeping shard ID None websocket alive with sequence 5.
2021-06-14 10:07:46,786:DEBUG:discord.client: Dispatching event socket_raw_receive
2021-06-14 10:07:46,786:DEBUG:discord.gateway: For Shard ID None: WebSocket Event: {'t': None, 's': None, 'op': 11, 'd': None}
2021-06-14 10:07:46,787:DEBUG:discord.client: Dispatching event socket_response
2021-06-14 10:08:27,973:DEBUG:discord.gateway: Keeping shard ID None websocket alive with sequence 5.
2021-06-14 10:08:28,021:DEBUG:discord.client: Dispatching event socket_raw_receive
2021-06-14 10:08:28,022:DEBUG:discord.gateway: For Shard ID None: WebSocket Event: {'t': None, 's': None, 'op': 11, 'd': None}
2021-06-14 10:08:28,022:DEBUG:discord.client: Dispatching event socket_response
2021-06-14 10:09:09,226:DEBUG:discord.gateway: Keeping shard ID None websocket alive with sequence 5.
2021-06-14 10:09:09,277:DEBUG:discord.client: Dispatching event socket_raw_receive
2021-06-14 10:09:09,277:DEBUG:discord.gateway: For Shard ID None: WebSocket Event: {'t': None, 's': None, 'op': 11, 'd': None}
2021-06-14 10:09:09,277:DEBUG:discord.client: Dispatching event socket_response
2021-06-14 10:09:50,477:DEBUG:discord.gateway: Keeping shard ID None websocket alive with sequence 5.
2021-06-14 10:09:50,526:DEBUG:discord.client: Dispatching event socket_raw_receive
2021-06-14 10:09:50,526:DEBUG:discord.gateway: For Shard ID None: WebSocket Event: {'t': None, 's': None, 'op': 11, 'd': None}
2021-06-14 10:09:50,526:DEBUG:discord.client: Dispatching event socket_response
2021-06-14 10:10:31,728:DEBUG:discord.gateway: Keeping shard ID None websocket alive with sequence 5.
2021-06-14 10:10:31,776:DEBUG:discord.client: Dispatching event socket_raw_receive
2021-06-14 10:10:31,776:DEBUG:discord.gateway: For Shard ID None: WebSocket Event: {'t': None, 's': None, 'op': 11, 'd': None}
2021-06-14 10:10:31,776:DEBUG:discord.client: Dispatching event socket_response
2021-06-14 10:11:12,979:DEBUG:discord.gateway: Keeping shard ID None websocket alive with sequence 5.
2021-06-14 10:11:13,029:DEBUG:discord.client: Dispatching event socket_raw_receive
2021-06-14 10:11:13,030:DEBUG:discord.gateway: For Shard ID None: WebSocket Event: {'t': None, 's': None, 'op': 11, 'd': None}
2021-06-14 10:11:13,030:DEBUG:discord.client: Dispatching event socket_response
2021-06-14 10:11:54,231:DEBUG:discord.gateway: Keeping shard ID None websocket alive with sequence 5.
2021-06-14 10:11:54,279:DEBUG:discord.client: Dispatching event socket_raw_receive
2021-06-14 10:11:54,280:DEBUG:discord.gateway: For Shard ID None: WebSocket Event: {'t': None, 's': None, 'op': 11, 'd': None}
2021-06-14 10:11:54,280:DEBUG:discord.client: Dispatching event socket_response
2021-06-14 10:12:35,484:DEBUG:discord.gateway: Keeping shard ID None websocket alive with sequence 5.
2021-06-14 10:12:35,534:DEBUG:discord.client: Dispatching event socket_raw_receive
2021-06-14 10:12:35,534:DEBUG:discord.gateway: For Shard ID None: WebSocket Event: {'t': None, 's': None, 'op': 11, 'd': None}
2021-06-14 10:12:35,534:DEBUG:discord.client: Dispatching event socket_response
2021-06-14 10:13:16,736:DEBUG:discord.gateway: Keeping shard ID None websocket alive with sequence 5.
2021-06-14 10:13:16,787:DEBUG:discord.client: Dispatching event socket_raw_receive
2021-06-14 10:13:16,787:DEBUG:discord.gateway: For Shard ID None: WebSocket Event: {'t': None, 's': None, 'op': 11, 'd': None}
2021-06-14 10:13:16,787:DEBUG:discord.client: Dispatching event socket_response
